[[[自动注册扩展缓存完成]]]
[2023/04/25 14:23:47.9383]
[线程：3]
注册总用时：1.9932ms
自动扫描程序集：0个
扩展缓存：

[[[微信扩展缓存注册完成]]]
[2023/04/25 14:23:47.9512]
[线程：3]
微信扩展缓存注册总用时：0.0000ms
扩展缓存：Senparc.Weixin.Cache.LocalContainerCacheStrategy

[[[自动注册扩展缓存完成]]]
[2023/04/25 14:31:02.2015]
[线程：3]
注册总用时：3.9867ms
自动扫描程序集：0个
扩展缓存：

[[[微信扩展缓存注册完成]]]
[2023/04/25 14:31:02.2194]
[线程：3]
微信扩展缓存注册总用时：0.0000ms
扩展缓存：Senparc.Weixin.Cache.LocalContainerCacheStrategy

[[[自动注册扩展缓存完成]]]
[2023/04/25 14:42:07.0408]
[线程：3]
注册总用时：2.9928ms
自动扫描程序集：0个
扩展缓存：

[[[微信扩展缓存注册完成]]]
[2023/04/25 14:42:07.0657]
[线程：3]
微信扩展缓存注册总用时：0.0000ms
扩展缓存：Senparc.Weixin.Cache.LocalContainerCacheStrategy

[[[自动注册扩展缓存完成]]]
[2023/04/25 15:40:57.1499]
[线程：3]
注册总用时：0.9892ms
自动扫描程序集：0个
扩展缓存：

[[[微信扩展缓存注册完成]]]
[2023/04/25 15:40:57.1579]
[线程：3]
微信扩展缓存注册总用时：0.0000ms
扩展缓存：Senparc.Weixin.Cache.LocalContainerCacheStrategy

