[[[自动注册扩展缓存完成]]]
[2023/04/23 16:04:33.6960]
[线程：3]
注册总用时：3.9801ms
自动扫描程序集：0个
扩展缓存：

[[[微信扩展缓存注册完成]]]
[2023/04/23 16:04:33.7329]
[线程：3]
微信扩展缓存注册总用时：0.0000ms
扩展缓存：Senparc.Weixin.Cache.LocalContainerCacheStrategy

[[[自动注册扩展缓存完成]]]
[2023/04/23 16:25:11.4801]
[线程：3]
注册总用时：1.9942ms
自动扫描程序集：0个
扩展缓存：

[[[微信扩展缓存注册完成]]]
[2023/04/23 16:25:11.4950]
[线程：3]
微信扩展缓存注册总用时：0.9971ms
扩展缓存：Senparc.Weixin.Cache.LocalContainerCacheStrategy

[[[自动注册扩展缓存完成]]]
[2023/04/23 17:25:52.6674]
[线程：3]
注册总用时：4.9869ms
自动扫描程序集：0个
扩展缓存：

[[[微信扩展缓存注册完成]]]
[2023/04/23 17:25:52.7033]
[线程：3]
微信扩展缓存注册总用时：0.9977ms
扩展缓存：Senparc.Weixin.Cache.LocalContainerCacheStrategy

